0 info it worked if it ends with ok
1 verbose cli [ 'C:\\Program Files\\nodejs\\node.exe',
1 verbose cli   'C:\\Program Files\\nodejs\\node_modules\\npm\\bin\\npm-cli.js',
1 verbose cli   'start' ]
2 info using npm@3.10.9
3 info using node@v6.9.2
4 verbose run-script [ 'prestart', 'start', 'poststart' ]
5 info lifecycle shortr-api@1.0.0~prestart: shortr-api@1.0.0
6 silly lifecycle shortr-api@1.0.0~prestart: no script for prestart, continuing
7 info lifecycle shortr-api@1.0.0~start: shortr-api@1.0.0
8 verbose lifecycle shortr-api@1.0.0~start: unsafe-perm in lifecycle true
9 verbose lifecycle shortr-api@1.0.0~start: PATH: C:\Program Files\nodejs\node_modules\npm\bin\node-gyp-bin;C:\Users\johannes\Desktop\web\shortr-api\node_modules\.bin;C:\Users\johannes\AppData\Roaming\npm;C:\Program Files\nodejs\;C:\Program Files\Docker\Docker\Resources\bin;C:\Program Files (x86)\NVIDIA Corporation\PhysX\Common;C:\ProgramData\Oracle\Java\javapath;C:\Windows\system32;C:\Windows;C:\Windows\System32\Wbem;C:\Windows\System32\WindowsPowerShell\v1.0\;C:\Program Files (x86)\GNU\GnuPG\pub;C:\Program Files\nodejs\;C:\Users\johannes\AppData\Local\Microsoft\WindowsApps;C:\Users\johannes\Desktop\web\hugo\bin;C:\Program Files\Sqlite;C:\Program Files\MongoDB\Server\3.4\bin
10 verbose lifecycle shortr-api@1.0.0~start: CWD: C:\Users\johannes\Desktop\web\shortr-api
11 silly lifecycle shortr-api@1.0.0~start: Args: [ '/d /s /c', 'nodemon src/server.js' ]
12 silly lifecycle shortr-api@1.0.0~start: Returned: code: 3221225786  signal: null
13 info lifecycle shortr-api@1.0.0~start: Failed to exec start script
14 verbose stack Error: shortr-api@1.0.0 start: `nodemon src/server.js`
14 verbose stack Exit status 3221225786
14 verbose stack     at EventEmitter.<anonymous> (C:\Program Files\nodejs\node_modules\npm\lib\utils\lifecycle.js:255:16)
14 verbose stack     at emitTwo (events.js:106:13)
14 verbose stack     at EventEmitter.emit (events.js:191:7)
14 verbose stack     at ChildProcess.<anonymous> (C:\Program Files\nodejs\node_modules\npm\lib\utils\spawn.js:40:14)
14 verbose stack     at emitTwo (events.js:106:13)
14 verbose stack     at ChildProcess.emit (events.js:191:7)
14 verbose stack     at maybeClose (internal/child_process.js:877:16)
14 verbose stack     at Process.ChildProcess._handle.onexit (internal/child_process.js:226:5)
15 verbose pkgid shortr-api@1.0.0
16 verbose cwd C:\Users\johannes\Desktop\web\shortr-api\src
17 error Windows_NT 10.0.14393
18 error argv "C:\\Program Files\\nodejs\\node.exe" "C:\\Program Files\\nodejs\\node_modules\\npm\\bin\\npm-cli.js" "start"
19 error node v6.9.2
20 error npm  v3.10.9
21 error code ELIFECYCLE
22 error shortr-api@1.0.0 start: `nodemon src/server.js`
22 error Exit status 3221225786
23 error Failed at the shortr-api@1.0.0 start script 'nodemon src/server.js'.
23 error Make sure you have the latest version of node.js and npm installed.
23 error If you do, this is most likely a problem with the shortr-api package,
23 error not with npm itself.
23 error Tell the author that this fails on your system:
23 error     nodemon src/server.js
23 error You can get information on how to open an issue for this project with:
23 error     npm bugs shortr-api
23 error Or if that isn't available, you can get their info via:
23 error     npm owner ls shortr-api
23 error There is likely additional logging output above.
24 verbose exit [ 1, true ]
